[986:993:1328901327:ERROR:bus.cc(261)] Failed to connect to the bus: Failed to connect to socket /var/run/dbus/system_bus_socket: No such file or directory
[986:993:1328902085:ERROR:bus.cc(261)] Failed to connect to the bus: Failed to connect to socket /var/run/dbus/system_bus_socket: No such file or directory

(exe:1134): GLib-GObject-CRITICAL **: g_object_unref: assertion `G_IS_OBJECT (object)' failed

(exe:1134): GLib-GObject-CRITICAL **: g_object_unref: assertion `G_IS_OBJECT (object)' failed

(exe:1134): GLib-GObject-CRITICAL **: g_object_unref: assertion `G_IS_OBJECT (object)' failed

(exe:1134): GLib-GObject-CRITICAL **: g_object_unref: assertion `G_IS_OBJECT (object)' failed

(exe:1134): GLib-GObject-CRITICAL **: g_object_unref: assertion `G_IS_OBJECT (object)' failed

(exe:1134): GLib-GObject-CRITICAL **: g_object_unref: assertion `G_IS_OBJECT (object)' failed

(exe:1134): GLib-GObject-CRITICAL **: g_object_unref: assertion `G_IS_OBJECT (object)' failed

(exe:1134): GLib-GObject-CRITICAL **: g_object_unref: assertion `G_IS_OBJECT (object)' failed

(exe:1134): GLib-GObject-CRITICAL **: g_object_unref: assertion `G_IS_OBJECT (object)' failed

(exe:1134): GLib-GObject-CRITICAL **: g_object_unref: assertion `G_IS_OBJECT (object)' failed

(exe:1134): GLib-GObject-CRITICAL **: g_object_unref: assertion `G_IS_OBJECT (object)' failed

(exe:1134): GLib-GObject-CRITICAL **: g_object_unref: assertion `G_IS_OBJECT (object)' failed

(exe:1411): GLib-GObject-CRITICAL **: g_object_unref: assertion `G_IS_OBJECT (object)' failed

(exe:1411): GLib-GObject-CRITICAL **: g_object_unref: assertion `G_IS_OBJECT (object)' failed

(exe:1411): GLib-GObject-CRITICAL **: g_object_unref: assertion `G_IS_OBJECT (object)' failed

(exe:1411): GLib-GObject-CRITICAL **: g_object_unref: assertion `G_IS_OBJECT (object)' failed

(exe:1411): GLib-GObject-CRITICAL **: g_object_unref: assertion `G_IS_OBJECT (object)' failed

(exe:1411): GLib-GObject-CRITICAL **: g_object_unref: assertion `G_IS_OBJECT (object)' failed

(exe:1411): GLib-GObject-CRITICAL **: g_object_unref: assertion `G_IS_OBJECT (object)' failed

(exe:1411): GLib-GObject-CRITICAL **: g_object_unref: assertion `G_IS_OBJECT (object)' failed

(exe:1411): GLib-GObject-CRITICAL **: g_object_unref: assertion `G_IS_OBJECT (object)' failed

(exe:1411): GLib-GObject-CRITICAL **: g_object_unref: assertion `G_IS_OBJECT (object)' failed

(exe:1411): GLib-GObject-CRITICAL **: g_object_unref: assertion `G_IS_OBJECT (object)' failed
[163:174:6032077793:ERROR:platform_thread_posix.cc(264)] Not implemented reached in static void base::PlatformThread::SetThreadPriority(base::PlatformThreadHandle, base::ThreadPriority)

(exe:1411): GLib-GObject-CRITICAL **: g_object_unref: assertion `G_IS_OBJECT (object)' failed

(exe:1411): GLib-GObject-CRITICAL **: g_object_unref: assertion `G_IS_OBJECT (object)' failed

(exe:1411): GLib-GObject-CRITICAL **: g_object_unref: assertion `G_IS_OBJECT (object)' failed
[986:986:7915267610:ERROR:x11_util.cc(951)] X Error detected: serial 531385, error_code 10 (BadAccess (attempt to access private resource denied)), request_code 139, minor_code 1 (X_ShmAttach)
[986:986:7915270610:ERROR:x11_util.cc(951)] X Error detected: serial 531386, error_code 145 (BadShmSeg (invalid shared segment parameter)), request_code 139, minor_code 5 (X_ShmCreatePixmap)
[986:986:7915273489:ERROR:x11_util.cc(951)] X Error detected: serial 531387, error_code 9 (BadDrawable (invalid Pixmap or Window parameter)), request_code 148, minor_code 4 (RenderCreatePicture)
[986:986:7915276603:ERROR:x11_util.cc(951)] X Error detected: serial 531388, error_code 160 (RenderBadPicture (invalid Picture parameter)), request_code 148, minor_code 8 (RenderComposite)
[986:986:7915280337:ERROR:x11_util.cc(951)] X Error detected: serial 531407, error_code 145 (BadShmSeg (invalid shared segment parameter)), request_code 139, minor_code 2 (X_ShmDetach)
[986:986:7915314140:ERROR:x11_util.cc(951)] X Error detected: serial 531674, error_code 160 (RenderBadPicture (invalid Picture parameter)), request_code 148, minor_code 7 (RenderFreePicture)
[986:986:7915314414:ERROR:x11_util.cc(951)] X Error detected: serial 531675, error_code 4 (BadPixmap (invalid Pixmap parameter)), request_code 54, minor_code 0 (X_FreePixmap)

(exe:1773): GLib-GObject-CRITICAL **: g_object_unref: assertion `G_IS_OBJECT (object)' failed

(exe:2012): GLib-GObject-CRITICAL **: g_object_unref: assertion `G_IS_OBJECT (object)' failed

(exe:2012): GLib-GObject-CRITICAL **: g_object_unref: assertion `G_IS_OBJECT (object)' failed

(exe:2012): GLib-GObject-CRITICAL **: g_object_unref: assertion `G_IS_OBJECT (object)' failed
